<?xml version="1.0" encoding="UTF-8"?>
<testsuite name="com.udomomo.codebuild.CodebuildApplicationTests" tests="1" skipped="0" failures="0" errors="0" timestamp="2022-10-09T08:17:23" hostname="udomomo-mac.local" time="0.413">
  <properties/>
  <testcase name="contextLoads()" classname="com.udomomo.codebuild.CodebuildApplicationTests" time="0.413"/>
  <system-out><![CDATA[17:17:22.523 [Test worker] DEBUG org.springframework.test.context.BootstrapUtils - Instantiating CacheAwareContextLoaderDelegate from class [org.springframework.test.context.cache.DefaultCacheAwareContextLoaderDelegate]
17:17:22.532 [Test worker] DEBUG org.springframework.test.context.BootstrapUtils - Instantiating BootstrapContext using constructor [public org.springframework.test.context.support.DefaultBootstrapContext(java.lang.Class,org.springframework.test.context.CacheAwareContextLoaderDelegate)]
17:17:22.560 [Test worker] DEBUG org.springframework.test.context.BootstrapUtils - Instantiating TestContextBootstrapper for test class [com.udomomo.codebuild.CodebuildApplicationTests] from class [org.springframework.boot.test.context.SpringBootTestContextBootstrapper]
17:17:22.570 [Test worker] INFO org.springframework.boot.test.context.SpringBootTestContextBootstrapper - Neither @ContextConfiguration nor @ContextHierarchy found for test class [com.udomomo.codebuild.CodebuildApplicationTests], using SpringBootContextLoader
17:17:22.572 [Test worker] DEBUG org.springframework.test.context.support.AbstractContextLoader - Did not detect default resource location for test class [com.udomomo.codebuild.CodebuildApplicationTests]: class path resource [com/udomomo/codebuild/CodebuildApplicationTests-context.xml] does not exist
17:17:22.573 [Test worker] DEBUG org.springframework.test.context.support.AbstractContextLoader - Did not detect default resource location for test class [com.udomomo.codebuild.CodebuildApplicationTests]: class path resource [com/udomomo/codebuild/CodebuildApplicationTestsContext.groovy] does not exist
17:17:22.573 [Test worker] INFO org.springframework.test.context.support.AbstractContextLoader - Could not detect default resource locations for test class [com.udomomo.codebuild.CodebuildApplicationTests]: no resource found for suffixes {-context.xml, Context.groovy}.
17:17:22.574 [Test worker] INFO org.springframework.test.context.support.AnnotationConfigContextLoaderUtils - Could not detect default configuration classes for test class [com.udomomo.codebuild.CodebuildApplicationTests]: CodebuildApplicationTests does not declare any static, non-private, non-final, nested classes annotated with @Configuration.
17:17:22.613 [Test worker] DEBUG org.springframework.test.context.support.ActiveProfilesUtils - Could not find an 'annotation declaring class' for annotation type [org.springframework.test.context.ActiveProfiles] and class [com.udomomo.codebuild.CodebuildApplicationTests]
17:17:22.651 [Test worker] DEBUG org.springframework.context.annotation.ClassPathScanningCandidateComponentProvider - Identified candidate component class: file [/Users/naoya-otani/src/github.com/Udomomo/codebuild-practice/build/classes/kotlin/main/com/udomomo/codebuild/CodebuildApplication.class]
17:17:22.653 [Test worker] INFO org.springframework.boot.test.context.SpringBootTestContextBootstrapper - Found @SpringBootConfiguration com.udomomo.codebuild.CodebuildApplication for test class com.udomomo.codebuild.CodebuildApplicationTests
17:17:22.708 [Test worker] DEBUG org.springframework.boot.test.context.SpringBootTestContextBootstrapper - @TestExecutionListeners is not present for class [com.udomomo.codebuild.CodebuildApplicationTests]: using defaults.
17:17:22.709 [Test worker] INFO org.springframework.boot.test.context.SpringBootTestContextBootstrapper - Loaded default TestExecutionListener class names from location [META-INF/spring.factories]: [org.springframework.boot.test.autoconfigure.restdocs.RestDocsTestExecutionListener, org.springframework.boot.test.autoconfigure.web.client.MockRestServiceServerResetTestExecutionListener, org.springframework.boot.test.autoconfigure.web.servlet.MockMvcPrintOnlyOnFailureTestExecutionListener, org.springframework.boot.test.autoconfigure.web.servlet.WebDriverTestExecutionListener, org.springframework.boot.test.autoconfigure.webservices.client.MockWebServiceServerTestExecutionListener, org.springframework.boot.test.mock.mockito.MockitoTestExecutionListener, org.springframework.boot.test.mock.mockito.ResetMocksTestExecutionListener, org.springframework.test.context.web.ServletTestExecutionListener, org.springframework.test.context.support.DirtiesContextBeforeModesTestExecutionListener, org.springframework.test.context.event.ApplicationEventsTestExecutionListener, org.springframework.test.context.support.DependencyInjectionTestExecutionListener, org.springframework.test.context.support.DirtiesContextTestExecutionListener, org.springframework.test.context.transaction.TransactionalTestExecutionListener, org.springframework.test.context.jdbc.SqlScriptsTestExecutionListener, org.springframework.test.context.event.EventPublishingTestExecutionListener]
17:17:22.717 [Test worker] DEBUG org.springframework.boot.test.context.SpringBootTestContextBootstrapper - Skipping candidate TestExecutionListener [org.springframework.test.context.web.ServletTestExecutionListener] due to a missing dependency. Specify custom listener classes or make the default listener classes and their required dependencies available. Offending class: [javax/servlet/ServletContext]
17:17:22.718 [Test worker] DEBUG org.springframework.boot.test.context.SpringBootTestContextBootstrapper - Skipping candidate TestExecutionListener [org.springframework.test.context.transaction.TransactionalTestExecutionListener] due to a missing dependency. Specify custom listener classes or make the default listener classes and their required dependencies available. Offending class: [org/springframework/transaction/interceptor/TransactionAttributeSource]
17:17:22.718 [Test worker] DEBUG org.springframework.boot.test.context.SpringBootTestContextBootstrapper - Skipping candidate TestExecutionListener [org.springframework.test.context.jdbc.SqlScriptsTestExecutionListener] due to a missing dependency. Specify custom listener classes or make the default listener classes and their required dependencies available. Offending class: [org/springframework/transaction/interceptor/TransactionAttribute]
17:17:22.719 [Test worker] INFO org.springframework.boot.test.context.SpringBootTestContextBootstrapper - Using TestExecutionListeners: [org.springframework.test.context.support.DirtiesContextBeforeModesTestExecutionListener@20a8a64e, org.springframework.test.context.event.ApplicationEventsTestExecutionListener@62f4ff3b, org.springframework.boot.test.mock.mockito.MockitoTestExecutionListener@1698fc68, org.springframework.boot.test.autoconfigure.SpringBootDependencyInjectionTestExecutionListener@4504d271, org.springframework.test.context.support.DirtiesContextTestExecutionListener@207b8649, org.springframework.test.context.event.EventPublishingTestExecutionListener@65b3a85a, org.springframework.boot.test.autoconfigure.restdocs.RestDocsTestExecutionListener@34997338, org.springframework.boot.test.autoconfigure.web.client.MockRestServiceServerResetTestExecutionListener@57eda880, org.springframework.boot.test.autoconfigure.web.servlet.MockMvcPrintOnlyOnFailureTestExecutionListener@2b5825fa, org.springframework.boot.test.autoconfigure.web.servlet.WebDriverTestExecutionListener@53d1b9b3, org.springframework.boot.test.autoconfigure.webservices.client.MockWebServiceServerTestExecutionListener@2cae1042, org.springframework.boot.test.mock.mockito.ResetMocksTestExecutionListener@163d04ff]
17:17:22.722 [Test worker] DEBUG org.springframework.test.context.support.AbstractDirtiesContextTestExecutionListener - Before test class: context [DefaultTestContext@42f48531 testClass = CodebuildApplicationTests, testInstance = [null], testMethod = [null], testException = [null], mergedContextConfiguration = [MergedContextConfiguration@a776e testClass = CodebuildApplicationTests, locations = '{}', classes = '{class com.udomomo.codebuild.CodebuildApplication}', contextInitializerClasses = '[]', activeProfiles = '{}', propertySourceLocations = '{}', propertySourceProperties = '{org.springframework.boot.test.context.SpringBootTestContextBootstrapper=true}', contextCustomizers = set[org.springframework.boot.test.autoconfigure.actuate.metrics.MetricsExportContextCustomizerFactory$DisableMetricExportContextCustomizer@20f5281c, org.springframework.boot.test.autoconfigure.properties.PropertyMappingContextCustomizer@0, org.springframework.boot.test.autoconfigure.web.servlet.WebDriverContextCustomizerFactory$Customizer@6c2ed0cd, org.springframework.boot.test.context.filter.ExcludeFilterContextCustomizer@4241e0f4, org.springframework.boot.test.json.DuplicateJsonObjectContextCustomizerFactory$DuplicateJsonObjectContextCustomizer@38604b81, org.springframework.boot.test.mock.mockito.MockitoContextCustomizer@0, org.springframework.boot.test.web.client.TestRestTemplateContextCustomizer@5ddcc487, org.springframework.boot.test.context.SpringBootTestArgs@1, org.springframework.boot.test.context.SpringBootTestWebEnvironment@24313fcc], contextLoader = 'org.springframework.boot.test.context.SpringBootContextLoader', parent = [null]], attributes = map[[empty]]], class annotated with @DirtiesContext [false] with mode [null].
17:17:22.731 [Test worker] DEBUG org.springframework.test.context.support.DependencyInjectionTestExecutionListener - Performing dependency injection for test context [[DefaultTestContext@42f48531 testClass = CodebuildApplicationTests, testInstance = com.udomomo.codebuild.CodebuildApplicationTests@1fdfafd2, testMethod = [null], testException = [null], mergedContextConfiguration = [MergedContextConfiguration@a776e testClass = CodebuildApplicationTests, locations = '{}', classes = '{class com.udomomo.codebuild.CodebuildApplication}', contextInitializerClasses = '[]', activeProfiles = '{}', propertySourceLocations = '{}', propertySourceProperties = '{org.springframework.boot.test.context.SpringBootTestContextBootstrapper=true}', contextCustomizers = set[org.springframework.boot.test.autoconfigure.actuate.metrics.MetricsExportContextCustomizerFactory$DisableMetricExportContextCustomizer@20f5281c, org.springframework.boot.test.autoconfigure.properties.PropertyMappingContextCustomizer@0, org.springframework.boot.test.autoconfigure.web.servlet.WebDriverContextCustomizerFactory$Customizer@6c2ed0cd, org.springframework.boot.test.context.filter.ExcludeFilterContextCustomizer@4241e0f4, org.springframework.boot.test.json.DuplicateJsonObjectContextCustomizerFactory$DuplicateJsonObjectContextCustomizer@38604b81, org.springframework.boot.test.mock.mockito.MockitoContextCustomizer@0, org.springframework.boot.test.web.client.TestRestTemplateContextCustomizer@5ddcc487, org.springframework.boot.test.context.SpringBootTestArgs@1, org.springframework.boot.test.context.SpringBootTestWebEnvironment@24313fcc], contextLoader = 'org.springframework.boot.test.context.SpringBootContextLoader', parent = [null]], attributes = map['org.springframework.test.context.event.ApplicationEventsTestExecutionListener.recordApplicationEvents' -> false]]].

  .   ____          _            __ _ _
 /\\ / ___'_ __ _ _(_)_ __  __ _ \ \ \ \
( ( )\___ | '_ | '_| | '_ \/ _` | \ \ \ \
 \\/  ___)| |_)| | | | | || (_| |  ) ) ) )
  '  |____| .__|_| |_|_| |_\__, | / / / /
 =========|_|==============|___/=/_/_/_/
 :: Spring Boot ::                (v2.7.4)

2022-10-09 17:17:22.922  INFO 33191 --- [    Test worker] c.u.codebuild.CodebuildApplicationTests  : Starting CodebuildApplicationTests using Java 17 on udomomo-mac.local with PID 33191 (started by naoya-otani in /Users/naoya-otani/src/github.com/Udomomo/codebuild-practice)
2022-10-09 17:17:22.923  INFO 33191 --- [    Test worker] c.u.codebuild.CodebuildApplicationTests  : No active profile set, falling back to 1 default profile: "default"
2022-10-09 17:17:23.250  INFO 33191 --- [    Test worker] c.u.codebuild.CodebuildApplicationTests  : Started CodebuildApplicationTests in 0.503 seconds (JVM running for 1.321)
]]></system-out>
  <system-err><![CDATA[]]></system-err>
</testsuite>
